
-------------------------------------------------------------------------------

/Users/hungnv/eicar_com.zip: Win.Test.EICAR_HDB-1 FOUND
/Users/hungnv/eicarcom2.zip: Win.Test.EICAR_HDB-1 FOUND

----------- SCAN SUMMARY -----------
Known viruses: 8633357
Engine version: 0.105.1
Scanned directories: 0
Scanned files: 14
Infected files: 2
Data scanned: 0.48 MB
Data read: 613.89 MB (ratio 0.00:1)
Time: 10.140 sec (0 m 10 s)
Start Date: 2022:09:10 11:35:38
End Date:   2022:09:10 11:35:48

-------------------------------------------------------------------------------

/Users/hungnv/eicar_com.zip: Win.Test.EICAR_HDB-1 FOUND
/Users/hungnv/eicarcom2.zip: Win.Test.EICAR_HDB-1 FOUND

----------- SCAN SUMMARY -----------
Known viruses: 8633357
Engine version: 0.105.1
Scanned directories: 0
Scanned files: 14
Infected files: 2
Data scanned: 0.48 MB
Data read: 613.89 MB (ratio 0.00:1)
Time: 10.403 sec (0 m 10 s)
Start Date: 2022:09:10 11:43:39
End Date:   2022:09:10 11:43:50

-------------------------------------------------------------------------------


-------------------------------------------------------------------------------

/Users/hungnv/eicar_com.zip: Win.Test.EICAR_HDB-1 FOUND
/Users/hungnv/eicarcom2.zip: Win.Test.EICAR_HDB-1 FOUND

----------- SCAN SUMMARY -----------
Known viruses: 8633357
Engine version: 0.105.1
Scanned directories: 0
Scanned files: 14
Infected files: 2
Data scanned: 0.48 MB
Data read: 613.89 MB (ratio 0.00:1)
Time: 10.107 sec (0 m 10 s)
Start Date: 2022:09:10 11:45:08
End Date:   2022:09:10 11:45:18

-------------------------------------------------------------------------------

/Users/hungnv/eicar_com.zip: Win.Test.EICAR_HDB-1 FOUND
/Users/hungnv/eicarcom2.zip: Win.Test.EICAR_HDB-1 FOUND

----------- SCAN SUMMARY -----------
Known viruses: 8633357
Engine version: 0.105.1
Scanned directories: 0
Scanned files: 14
Infected files: 2
Data scanned: 0.48 MB
Data read: 613.89 MB (ratio 0.00:1)
Time: 10.138 sec (0 m 10 s)
Start Date: 2022:09:10 11:45:33
End Date:   2022:09:10 11:45:43

-------------------------------------------------------------------------------

/Users/hungnv/eicar_com.zip: Win.Test.EICAR_HDB-1 FOUND
/Users/hungnv/eicarcom2.zip: Win.Test.EICAR_HDB-1 FOUND

----------- SCAN SUMMARY -----------
Known viruses: 8633357
Engine version: 0.105.1
Scanned directories: 0
Scanned files: 14
Infected files: 2
Data scanned: 0.48 MB
Data read: 613.89 MB (ratio 0.00:1)
Time: 10.010 sec (0 m 10 s)
Start Date: 2022:09:10 11:46:39
End Date:   2022:09:10 11:46:49

-------------------------------------------------------------------------------

/Users/hungnv/eicar_com.zip: Win.Test.EICAR_HDB-1 FOUND
/Users/hungnv/eicarcom2.zip: Win.Test.EICAR_HDB-1 FOUND

----------- SCAN SUMMARY -----------
Known viruses: 8633357
Engine version: 0.105.1
Scanned directories: 0
Scanned files: 14
Infected files: 2
Data scanned: 0.48 MB
Data read: 613.89 MB (ratio 0.00:1)
Time: 10.148 sec (0 m 10 s)
Start Date: 2022:09:10 11:48:12
End Date:   2022:09:10 11:48:22

-------------------------------------------------------------------------------

/Users/hungnv/eicar_com.zip: Win.Test.EICAR_HDB-1 FOUND
/Users/hungnv/eicarcom2.zip: Win.Test.EICAR_HDB-1 FOUND

----------- SCAN SUMMARY -----------
Known viruses: 8633357
Engine version: 0.105.1
Scanned directories: 0
Scanned files: 14
Infected files: 2
Data scanned: 0.48 MB
Data read: 613.89 MB (ratio 0.00:1)
Time: 9.970 sec (0 m 9 s)
Start Date: 2022:09:10 11:52:51
End Date:   2022:09:10 11:53:01

-------------------------------------------------------------------------------

/Users/hungnv/eicar_com.zip: Win.Test.EICAR_HDB-1 FOUND
/Users/hungnv/eicarcom2.zip: Win.Test.EICAR_HDB-1 FOUND

----------- SCAN SUMMARY -----------
Known viruses: 8633357
Engine version: 0.105.1
Scanned directories: 0
Scanned files: 14
Infected files: 2
Data scanned: 0.48 MB
Data read: 613.89 MB (ratio 0.00:1)
Time: 10.154 sec (0 m 10 s)
Start Date: 2022:09:10 11:56:02
End Date:   2022:09:10 11:56:12

-------------------------------------------------------------------------------

/Users/hungnv/eicar_com.zip: Win.Test.EICAR_HDB-1 FOUND
/Users/hungnv/eicarcom2.zip: Win.Test.EICAR_HDB-1 FOUND

----------- SCAN SUMMARY -----------
Known viruses: 8633454
Engine version: 0.105.1
Scanned directories: 0
Scanned files: 14
Infected files: 2
Data scanned: 0.48 MB
Data read: 613.89 MB (ratio 0.00:1)
Time: 9.853 sec (0 m 9 s)
Start Date: 2022:09:10 16:23:43
End Date:   2022:09:10 16:23:53
